This file contains any messages produced by compilers while
running configure, to aid debugging if configure makes a mistake.

It was created by GNU teseq configure 1.1, which was
generated by GNU Autoconf 2.63.  Invocation command line was

  $ ./configure --no-create --no-recursion

## --------- ##
## Platform. ##
## --------- ##

hostname = hvsrv3.jlab.org
uname -m = i686
uname -r = 2.6.32-504.el6.i686
uname -s = Linux
uname -v = #1 SMP Tue Sep 16 01:56:19 EDT 2014

/usr/bin/uname -p = unknown
/bin/uname -X     = unknown

/bin/arch              = i686
/usr/bin/arch -k       = unknown
/usr/convex/getsysinfo = unknown
/usr/bin/hostinfo      = unknown
/bin/machine           = unknown
/usr/bin/oslevel       = unknown
/bin/universe          = unknown

PATH: /apps/java/jdk1.6.0_03/bin
PATH: /usr/lib/qt-3.3/bin
PATH: /usr/local/bin
PATH: /usr/bin
PATH: /bin
PATH: /usr/local/sbin
PATH: /usr/sbin
PATH: /sbin
PATH: /home/highv/bin


## ----------- ##
## Core tests. ##
## ----------- ##

configure:1876: checking for a BSD-compatible install
configure:1944: result: /usr/bin/install -c
configure:1955: checking whether build environment is sane
configure:2015: result: yes
configure:2156: checking for a thread-safe mkdir -p
configure:2195: result: /bin/mkdir -p
configure:2208: checking for gawk
configure:2224: found /usr/bin/gawk
configure:2235: result: gawk
configure:2246: checking whether make sets $(MAKE)
configure:2268: result: yes
configure:2403: checking for gcc
configure:2419: found /usr/bin/gcc
configure:2430: result: gcc
configure:2662: checking for C compiler version
configure:2670: gcc --version >&5
gcc (GCC) 4.4.7 20120313 (Red Hat 4.4.7-11)
Copyright (C) 2010 Free Software Foundation, Inc.
This is free software; see the source for copying conditions.  There is NO
warranty; not even for MERCHANTABILITY or FITNESS FOR A PARTICULAR PURPOSE.

configure:2674: $? = 0
configure:2681: gcc -v >&5
Using built-in specs.
Target: i686-redhat-linux
Configured with: ../configure --prefix=/usr --mandir=/usr/share/man --infodir=/usr/share/info --with-bugurl=http://bugzilla.redhat.com/bugzilla --enable-bootstrap --enable-shared --enable-threads=posix --enable-checking=release --with-system-zlib --enable-__cxa_atexit --disable-libunwind-exceptions --enable-gnu-unique-object --enable-languages=c,c++,objc,obj-c++,java,fortran,ada --enable-java-awt=gtk --disable-dssi --with-java-home=/usr/lib/jvm/java-1.5.0-gcj-1.5.0.0/jre --enable-libgcj-multifile --enable-java-maintainer-mode --with-ecj-jar=/usr/share/java/eclipse-ecj.jar --disable-libjava-multilib --with-ppl --with-cloog --with-tune=generic --with-arch=i686 --build=i686-redhat-linux
Thread model: posix
gcc version 4.4.7 20120313 (Red Hat 4.4.7-11) (GCC) 
configure:2685: $? = 0
configure:2692: gcc -V >&5
gcc: '-V' option must have argument
configure:2696: $? = 1
configure:2719: checking for C compiler default output file name
configure:2741: gcc    conftest.c  >&5
configure:2745: $? = 0
configure:2783: result: a.out
configure:2802: checking whether the C compiler works
configure:2812: ./a.out
configure:2816: $? = 0
configure:2835: result: yes
configure:2842: checking whether we are cross compiling
configure:2844: result: no
configure:2847: checking for suffix of executables
configure:2854: gcc -o conftest    conftest.c  >&5
configure:2858: $? = 0
configure:2884: result: 
configure:2890: checking for suffix of object files
configure:2916: gcc -c   conftest.c >&5
configure:2920: $? = 0
configure:2945: result: o
configure:2949: checking whether we are using the GNU C compiler
configure:2978: gcc -c   conftest.c >&5
configure:2985: $? = 0
configure:3002: result: yes
configure:3011: checking whether gcc accepts -g
configure:3041: gcc -c -g  conftest.c >&5
configure:3048: $? = 0
configure:3149: result: yes
configure:3166: checking for gcc option to accept ISO C89
configure:3240: gcc  -c -g -O2  conftest.c >&5
configure:3247: $? = 0
configure:3270: result: none needed
configure:3299: checking for style of include used by make
configure:3327: result: GNU
configure:3352: checking dependency style of gcc
configure:3462: result: gcc3
configure:3478: checking whether gcc and cc understand -c and -o together
configure:3513: gcc -c conftest.c -o conftest2.o >&5
configure:3517: $? = 0
configure:3523: gcc -c conftest.c -o conftest2.o >&5
configure:3527: $? = 0
configure:3538: cc -c conftest.c >&5
configure:3542: $? = 0
configure:3550: cc -c conftest.c -o conftest2.o >&5
configure:3554: $? = 0
configure:3560: cc -c conftest.c -o conftest2.o >&5
configure:3564: $? = 0
configure:3582: result: yes
configure:3623: checking for a BSD-compatible install
configure:3691: result: /usr/bin/install -c
configure:3713: checking for suite_add_tcase in -lcheck
configure:3748: gcc -o conftest -g -O2   conftest.c -lcheck   >&5
/usr/bin/ld: cannot find -lcheck
collect2: ld returned 1 exit status
configure:3755: $? = 1
configure: failed program was:
| /* confdefs.h.  */
| #define PACKAGE_NAME "GNU teseq"
| #define PACKAGE_TARNAME "teseq"
| #define PACKAGE_VERSION "1.1"
| #define PACKAGE_STRING "GNU teseq 1.1"
| #define PACKAGE_BUGREPORT "bug-teseq@gnu.org"
| #define PACKAGE "teseq"
| #define VERSION "1.1"
| /* end confdefs.h.  */
| 
| /* Override any GCC internal prototype to avoid an error.
|    Use char because int might match the return type of a GCC
|    builtin and then its argument prototype would still apply.  */
| #ifdef __cplusplus
| extern "C"
| #endif
| char suite_add_tcase ();
| int
| main ()
| {
| return suite_add_tcase ();
|   ;
|   return 0;
| }
configure:3776: result: no
configure:3791: WARNING:

  You do not have Check (http://check.sourceforge.net/);
  You will not be able to run the full set of tests.

configure:3815: checking how to run the C preprocessor
configure:3855: gcc -E  conftest.c
configure:3862: $? = 0
configure:3893: gcc -E  conftest.c
conftest.c:10:28: error: ac_nonexistent.h: No such file or directory
configure:3900: $? = 1
configure: failed program was:
| /* confdefs.h.  */
| #define PACKAGE_NAME "GNU teseq"
| #define PACKAGE_TARNAME "teseq"
| #define PACKAGE_VERSION "1.1"
| #define PACKAGE_STRING "GNU teseq 1.1"
| #define PACKAGE_BUGREPORT "bug-teseq@gnu.org"
| #define PACKAGE "teseq"
| #define VERSION "1.1"
| /* end confdefs.h.  */
| #include <ac_nonexistent.h>
configure:3933: result: gcc -E
configure:3962: gcc -E  conftest.c
configure:3969: $? = 0
configure:4000: gcc -E  conftest.c
conftest.c:10:28: error: ac_nonexistent.h: No such file or directory
configure:4007: $? = 1
configure: failed program was:
| /* confdefs.h.  */
| #define PACKAGE_NAME "GNU teseq"
| #define PACKAGE_TARNAME "teseq"
| #define PACKAGE_VERSION "1.1"
| #define PACKAGE_STRING "GNU teseq 1.1"
| #define PACKAGE_BUGREPORT "bug-teseq@gnu.org"
| #define PACKAGE "teseq"
| #define VERSION "1.1"
| /* end confdefs.h.  */
| #include <ac_nonexistent.h>
configure:4047: checking for grep that handles long lines and -e
configure:4107: result: /bin/grep
configure:4112: checking for egrep
configure:4176: result: /bin/grep -E
configure:4181: checking for ANSI C header files
configure:4211: gcc -c -g -O2  conftest.c >&5
configure:4218: $? = 0
configure:4317: gcc -o conftest -g -O2   conftest.c  >&5
configure:4321: $? = 0
configure:4327: ./conftest
configure:4331: $? = 0
configure:4349: result: yes
configure:4373: checking for sys/types.h
configure:4394: gcc -c -g -O2  conftest.c >&5
configure:4401: $? = 0
configure:4418: result: yes
configure:4373: checking for sys/stat.h
configure:4394: gcc -c -g -O2  conftest.c >&5
configure:4401: $? = 0
configure:4418: result: yes
configure:4373: checking for stdlib.h
configure:4394: gcc -c -g -O2  conftest.c >&5
configure:4401: $? = 0
configure:4418: result: yes
configure:4373: checking for string.h
configure:4394: gcc -c -g -O2  conftest.c >&5
configure:4401: $? = 0
configure:4418: result: yes
configure:4373: checking for memory.h
configure:4394: gcc -c -g -O2  conftest.c >&5
configure:4401: $? = 0
configure:4418: result: yes
configure:4373: checking for strings.h
configure:4394: gcc -c -g -O2  conftest.c >&5
configure:4401: $? = 0
configure:4418: result: yes
configure:4373: checking for inttypes.h
configure:4394: gcc -c -g -O2  conftest.c >&5
configure:4401: $? = 0
configure:4418: result: yes
configure:4373: checking for stdint.h
configure:4394: gcc -c -g -O2  conftest.c >&5
configure:4401: $? = 0
configure:4418: result: yes
configure:4373: checking for unistd.h
configure:4394: gcc -c -g -O2  conftest.c >&5
configure:4401: $? = 0
configure:4418: result: yes
configure:4451: checking stddef.h usability
configure:4468: gcc -c -g -O2  conftest.c >&5
configure:4475: $? = 0
configure:4489: result: yes
configure:4493: checking stddef.h presence
configure:4508: gcc -E  conftest.c
configure:4515: $? = 0
configure:4529: result: yes
configure:4562: checking for stddef.h
configure:4571: result: yes
configure:4440: checking for stdlib.h
configure:4447: result: yes
configure:4440: checking for string.h
configure:4447: result: yes
configure:4451: checking getopt.h usability
configure:4468: gcc -c -g -O2  conftest.c >&5
configure:4475: $? = 0
configure:4489: result: yes
configure:4493: checking getopt.h presence
configure:4508: gcc -E  conftest.c
configure:4515: $? = 0
configure:4529: result: yes
configure:4562: checking for getopt.h
configure:4571: result: yes
configure:4588: checking for an ANSI C-conforming const
configure:4663: gcc -c -g -O2  conftest.c >&5
configure:4670: $? = 0
configure:4685: result: yes
configure:4695: checking for size_t
configure:4723: gcc -c -g -O2  conftest.c >&5
configure:4730: $? = 0
configure:4757: gcc -c -g -O2  conftest.c >&5
conftest.c: In function 'main':
conftest.c:60: error: expected expression before ')' token
configure:4764: $? = 1
configure: failed program was:
| /* confdefs.h.  */
| #define PACKAGE_NAME "GNU teseq"
| #define PACKAGE_TARNAME "teseq"
| #define PACKAGE_VERSION "1.1"
| #define PACKAGE_STRING "GNU teseq 1.1"
| #define PACKAGE_BUGREPORT "bug-teseq@gnu.org"
| #define PACKAGE "teseq"
| #define VERSION "1.1"
| #define STDC_HEADERS 1
| #define HAVE_SYS_TYPES_H 1
| #define HAVE_SYS_STAT_H 1
| #define HAVE_STDLIB_H 1
| #define HAVE_STRING_H 1
| #define HAVE_MEMORY_H 1
| #define HAVE_STRINGS_H 1
| #define HAVE_INTTYPES_H 1
| #define HAVE_STDINT_H 1
| #define HAVE_UNISTD_H 1
| #define HAVE_STDDEF_H 1
| #define HAVE_STDLIB_H 1
| #define HAVE_STRING_H 1
| #define HAVE_GETOPT_H 1
| /* end confdefs.h.  */
| #include <stdio.h>
| #ifdef HAVE_SYS_TYPES_H
| # include <sys/types.h>
| #endif
| #ifdef HAVE_SYS_STAT_H
| # include <sys/stat.h>
| #endif
| #ifdef STDC_HEADERS
| # include <stdlib.h>
| # include <stddef.h>
| #else
| # ifdef HAVE_STDLIB_H
| #  include <stdlib.h>
| # endif
| #endif
| #ifdef HAVE_STRING_H
| # if !defined STDC_HEADERS && defined HAVE_MEMORY_H
| #  include <memory.h>
| # endif
| # include <string.h>
| #endif
| #ifdef HAVE_STRINGS_H
| # include <strings.h>
| #endif
| #ifdef HAVE_INTTYPES_H
| # include <inttypes.h>
| #endif
| #ifdef HAVE_STDINT_H
| # include <stdint.h>
| #endif
| #ifdef HAVE_UNISTD_H
| # include <unistd.h>
| #endif
| int
| main ()
| {
| if (sizeof ((size_t)))
| 	  return 0;
|   ;
|   return 0;
| }
configure:4787: result: yes
configure:4806: checking for stdlib.h
configure:4813: result: yes
configure:4952: checking for GNU libc compatible malloc
configure:4986: gcc -o conftest -g -O2   conftest.c  >&5
configure:4990: $? = 0
configure:4996: ./conftest
configure:5000: $? = 0
configure:5017: result: yes
configure:5056: checking for vprintf
configure:5112: gcc -o conftest -g -O2   conftest.c  >&5
conftest.c:49: warning: conflicting types for built-in function 'vprintf'
configure:5119: $? = 0
configure:5141: result: yes
configure:5150: checking for _doprnt
configure:5206: gcc -o conftest -g -O2   conftest.c  >&5
/tmp/cc9F3aIU.o: In function `main':
/home/highv/caen_sy527/teseq-1.1/conftest.c:61: undefined reference to `_doprnt'
collect2: ld returned 1 exit status
configure:5213: $? = 1
configure: failed program was:
| /* confdefs.h.  */
| #define PACKAGE_NAME "GNU teseq"
| #define PACKAGE_TARNAME "teseq"
| #define PACKAGE_VERSION "1.1"
| #define PACKAGE_STRING "GNU teseq 1.1"
| #define PACKAGE_BUGREPORT "bug-teseq@gnu.org"
| #define PACKAGE "teseq"
| #define VERSION "1.1"
| #define STDC_HEADERS 1
| #define HAVE_SYS_TYPES_H 1
| #define HAVE_SYS_STAT_H 1
| #define HAVE_STDLIB_H 1
| #define HAVE_STRING_H 1
| #define HAVE_MEMORY_H 1
| #define HAVE_STRINGS_H 1
| #define HAVE_INTTYPES_H 1
| #define HAVE_STDINT_H 1
| #define HAVE_UNISTD_H 1
| #define HAVE_STDDEF_H 1
| #define HAVE_STDLIB_H 1
| #define HAVE_STRING_H 1
| #define HAVE_GETOPT_H 1
| #define HAVE_STDLIB_H 1
| #define HAVE_MALLOC 1
| #define HAVE_VPRINTF 1
| /* end confdefs.h.  */
| /* Define _doprnt to an innocuous variant, in case <limits.h> declares _doprnt.
|    For example, HP-UX 11i <limits.h> declares gettimeofday.  */
| #define _doprnt innocuous__doprnt
| 
| /* System header to define __stub macros and hopefully few prototypes,
|     which can conflict with char _doprnt (); below.
|     Prefer <limits.h> to <assert.h> if __STDC__ is defined, since
|     <limits.h> exists even on freestanding compilers.  */
| 
| #ifdef __STDC__
| # include <limits.h>
| #else
| # include <assert.h>
| #endif
| 
| #undef _doprnt
| 
| /* Override any GCC internal prototype to avoid an error.
|    Use char because int might match the return type of a GCC
|    builtin and then its argument prototype would still apply.  */
| #ifdef __cplusplus
| extern "C"
| #endif
| char _doprnt ();
| /* The GNU C library defines this for functions which it implements
|     to always fail with ENOSYS.  Some functions are actually named
|     something starting with __ and the normal name is an alias.  */
| #if defined __stub__doprnt || defined __stub____doprnt
| choke me
| #endif
| 
| int
| main ()
| {
| return _doprnt ();
|   ;
|   return 0;
| }
configure:5233: result: no
configure:5251: checking for strchr
configure:5307: gcc -o conftest -g -O2   conftest.c  >&5
conftest.c:50: warning: conflicting types for built-in function 'strchr'
configure:5314: $? = 0
configure:5336: result: yes
configure:5350: checking for working vsnprintf
configure:5400: gcc -o conftest -g -O2   conftest.c  >&5
configure:5404: $? = 0
configure:5410: ./conftest
configure:5414: $? = 0
configure:5432: result: yes
configure:5595: creating ./config.status

## ---------------- ##
## Cache variables. ##
## ---------------- ##

ac_cv_c_compiler_gnu=yes
ac_cv_c_const=yes
ac_cv_env_CC_set=
ac_cv_env_CC_value=
ac_cv_env_CFLAGS_set=
ac_cv_env_CFLAGS_value=
ac_cv_env_CPPFLAGS_set=
ac_cv_env_CPPFLAGS_value=
ac_cv_env_CPP_set=
ac_cv_env_CPP_value=
ac_cv_env_LDFLAGS_set=
ac_cv_env_LDFLAGS_value=
ac_cv_env_LIBS_set=
ac_cv_env_LIBS_value=
ac_cv_env_build_alias_set=
ac_cv_env_build_alias_value=
ac_cv_env_host_alias_set=
ac_cv_env_host_alias_value=
ac_cv_env_target_alias_set=
ac_cv_env_target_alias_value=
ac_cv_func__doprnt=no
ac_cv_func_malloc_0_nonnull=yes
ac_cv_func_setvbuf_reversed=no
ac_cv_func_strchr=yes
ac_cv_func_vprintf=yes
ac_cv_header_getopt_h=yes
ac_cv_header_inttypes_h=yes
ac_cv_header_memory_h=yes
ac_cv_header_stdc=yes
ac_cv_header_stddef_h=yes
ac_cv_header_stdint_h=yes
ac_cv_header_stdlib_h=yes
ac_cv_header_string_h=yes
ac_cv_header_strings_h=yes
ac_cv_header_sys_stat_h=yes
ac_cv_header_sys_types_h=yes
ac_cv_header_unistd_h=yes
ac_cv_lib_check_suite_add_tcase=no
ac_cv_objext=o
ac_cv_path_EGREP='/bin/grep -E'
ac_cv_path_GREP=/bin/grep
ac_cv_path_install='/usr/bin/install -c'
ac_cv_path_mkdir=/bin/mkdir
ac_cv_prog_AWK=gawk
ac_cv_prog_CPP='gcc -E'
ac_cv_prog_ac_ct_CC=gcc
ac_cv_prog_cc_c89=
ac_cv_prog_cc_g=yes
ac_cv_prog_cc_gcc_c_o=yes
ac_cv_prog_make_make_set=yes
ac_cv_type_size_t=yes
am_cv_CC_dependencies_compiler_type=gcc3
teseq_cv_vsnprintf_works=yes

## ----------------- ##
## Output variables. ##
## ----------------- ##

ACLOCAL='${SHELL} /home/highv/caen_sy527/teseq-1.1/missing --run aclocal-1.11'
AMDEPBACKSLASH='\'
AMDEP_FALSE='#'
AMDEP_TRUE=''
AMTAR='${SHELL} /home/highv/caen_sy527/teseq-1.1/missing --run tar'
AUTOCONF='${SHELL} /home/highv/caen_sy527/teseq-1.1/missing --run autoconf'
AUTOHEADER='${SHELL} /home/highv/caen_sy527/teseq-1.1/missing --run autoheader'
AUTOMAKE='${SHELL} /home/highv/caen_sy527/teseq-1.1/missing --run automake-1.11'
AWK='gawk'
CC='gcc'
CCDEPMODE='depmode=gcc3'
CFLAGS='-g -O2'
CHECKMK='${SHELL} /home/highv/caen_sy527/teseq-1.1/missing --run checkmk'
CPP='gcc -E'
CPPFLAGS=''
CYGPATH_W='echo'
DEFS='-DHAVE_CONFIG_H'
DEPDIR='.deps'
DO_CHECK_TESTS_FALSE=''
DO_CHECK_TESTS_TRUE='#'
ECHO_C=''
ECHO_N='-n'
ECHO_T=''
EGREP='/bin/grep -E'
EXEEXT=''
GREP='/bin/grep'
HELP2MAN='${SHELL} /home/highv/caen_sy527/teseq-1.1/missing --run help2man'
INSTALL_DATA='${INSTALL} -m 644'
INSTALL_PROGRAM='${INSTALL}'
INSTALL_SCRIPT='${INSTALL}'
INSTALL_STRIP_PROGRAM='$(install_sh) -c -s'
LDFLAGS=''
LIBCHECK=''
LIBOBJS=''
LIBS=''
LTLIBOBJS=''
MAKEINFO='${SHELL} /home/highv/caen_sy527/teseq-1.1/missing --run makeinfo'
MKDIR_P='/bin/mkdir -p'
OBJEXT='o'
PACKAGE='teseq'
PACKAGE_BUGREPORT='bug-teseq@gnu.org'
PACKAGE_NAME='GNU teseq'
PACKAGE_STRING='GNU teseq 1.1'
PACKAGE_TARNAME='teseq'
PACKAGE_VERSION='1.1'
PATH_SEPARATOR=':'
SET_MAKE=''
SHELL='/bin/sh'
STRIP=''
VERSION='1.1'
ac_ct_CC='gcc'
am__EXEEXT_FALSE=''
am__EXEEXT_TRUE='#'
am__fastdepCC_FALSE='#'
am__fastdepCC_TRUE=''
am__include='include'
am__isrc=''
am__leading_dot='.'
am__quote=''
am__tar='${AMTAR} chof - "$$tardir"'
am__untar='${AMTAR} xf -'
bindir='${exec_prefix}/bin'
build_alias=''
datadir='${datarootdir}'
datarootdir='${prefix}/share'
docdir='${datarootdir}/doc/${PACKAGE_TARNAME}'
dvidir='${docdir}'
exec_prefix='${prefix}'
host_alias=''
htmldir='${docdir}'
includedir='${prefix}/include'
infodir='${datarootdir}/info'
install_sh='${SHELL} /home/highv/caen_sy527/teseq-1.1/install-sh'
libdir='${exec_prefix}/lib'
libexecdir='${exec_prefix}/libexec'
localedir='${datarootdir}/locale'
localstatedir='${prefix}/var'
mandir='${datarootdir}/man'
mkdir_p='/bin/mkdir -p'
oldincludedir='/usr/include'
pdfdir='${docdir}'
prefix='/usr/local'
program_transform_name='s,x,x,'
psdir='${docdir}'
sbindir='${exec_prefix}/sbin'
sharedstatedir='${prefix}/com'
sysconfdir='${prefix}/etc'
target_alias=''

## ----------- ##
## confdefs.h. ##
## ----------- ##

#define PACKAGE_NAME "GNU teseq"
#define PACKAGE_TARNAME "teseq"
#define PACKAGE_VERSION "1.1"
#define PACKAGE_STRING "GNU teseq 1.1"
#define PACKAGE_BUGREPORT "bug-teseq@gnu.org"
#define PACKAGE "teseq"
#define VERSION "1.1"
#define STDC_HEADERS 1
#define HAVE_SYS_TYPES_H 1
#define HAVE_SYS_STAT_H 1
#define HAVE_STDLIB_H 1
#define HAVE_STRING_H 1
#define HAVE_MEMORY_H 1
#define HAVE_STRINGS_H 1
#define HAVE_INTTYPES_H 1
#define HAVE_STDINT_H 1
#define HAVE_UNISTD_H 1
#define HAVE_STDDEF_H 1
#define HAVE_STDLIB_H 1
#define HAVE_STRING_H 1
#define HAVE_GETOPT_H 1
#define HAVE_STDLIB_H 1
#define HAVE_MALLOC 1
#define HAVE_VPRINTF 1
#define HAVE_STRCHR 1

configure: exit 0

## ---------------------- ##
## Running config.status. ##
## ---------------------- ##

This file was extended by GNU teseq config.status 1.1, which was
generated by GNU Autoconf 2.63.  Invocation command line was

  CONFIG_FILES    = 
  CONFIG_HEADERS  = 
  CONFIG_LINKS    = 
  CONFIG_COMMANDS = 
  $ ./config.status 

on hvsrv3.jlab.org

config.status:788: creating Makefile
config.status:788: creating reseq
config.status:788: creating run-tests
config.status:788: creating src/config.h
config.status:1062: executing depfiles commands
config.status:1062: executing src/test-inputbuf.inf commands
config.status:1062: executing doc commands

## ---------------------- ##
## Running config.status. ##
## ---------------------- ##

This file was extended by GNU teseq config.status 1.1, which was
generated by GNU Autoconf 2.63.  Invocation command line was

  CONFIG_FILES    = 
  CONFIG_HEADERS  = 
  CONFIG_LINKS    = 
  CONFIG_COMMANDS = 
  $ ./config.status src/config.h

on hvsrv3.jlab.org

config.status:788: creating src/config.h
